<?xml version="1.0" encoding="UTF-8"?>
<!-- Generated by org.testng.reporters.JUnitXMLReporter -->
<testsuite hostname="DESKTOP-JD7QQ86" ignored="0" name="Parameter Test" tests="10" failures="0" timestamp="2020-06-05T01:36:26 BST" time="2.423" errors="0">
  <testcase name="createContact" time="0.515" classname="org.example.test.TestSuit"/>
  <testcase name="createContactEmptyName" time="0.019" classname="org.example.test.TestSuit"/>
  <testcase name="createContactInvalidNameSize" time="0.01" classname="org.example.test.TestSuit"/>
  <testcase name="createContactWithoutAddress" time="0.007" classname="org.example.test.TestSuit"/>
  <testcase name="createContactWithoutName" time="0.008" classname="org.example.test.TestSuit"/>
  <testcase name="updateContact" time="0.238" classname="org.example.test.TestSuit"/>
  <testcase name="updateContactNumber" time="0.245" classname="org.example.test.TestSuit"/>
  <testcase name="getAllContacts" time="0.131" classname="org.example.test.TestSuit"/>
  <testcase name="getContactById" time="0.205" classname="org.example.test.TestSuit"/>
  <testcase name="getMissingContact" time="0.082" classname="org.example.test.TestSuit"/>
</testsuite> <!-- Parameter Test -->
