<?xml version="1.0" encoding="UTF-8"?>
<!-- Generated by org.testng.reporters.JUnitXMLReporter -->
<testsuite hostname="DESKTOP-JD7QQ86" ignored="0" name="Parameter Test" tests="4" failures="0" timestamp="2020-06-05T01:36:09 BST" time="2.115" errors="0">
  <testcase name="createContact" time="1.675" classname="org.example.test.RestTestSuit"/>
  <testcase name="createInvalidContact" time="0.015" classname="org.example.test.RestTestSuit"/>
  <testcase name="getAllContacts" time="0.269" classname="org.example.test.RestTestSuit"/>
  <testcase name="getMissingContacts" time="0.085" classname="org.example.test.RestTestSuit"/>
</testsuite> <!-- Parameter Test -->
