<?xml version="1.0" encoding="UTF-8"?>
<testng-results skipped="0" failed="0" ignored="0" total="4" passed="4">
  <reporter-output>
  </reporter-output>
  <suite name="My First TestNG test" duration-ms="2115" started-at="2020-06-05T01:36:07 BST" finished-at="2020-06-05T01:36:09 BST">
    <groups>
    </groups>
    <test name="Parameter Test" duration-ms="2115" started-at="2020-06-05T01:36:07 BST" finished-at="2020-06-05T01:36:09 BST">
      <class name="org.example.test.RestTestSuit">
        <test-method status="PASS" signature="init(java.lang.String)[pri:0, instance:org.example.test.RestTestSuit@3f200884]" name="init" is-config="true" duration-ms="21" started-at="2020-06-05T01:36:07 BST" finished-at="2020-06-05T01:36:07 BST">
          <params>
            <param index="0">
              <value>
                <![CDATA[http://localhost:8080/contactbook/rest/contact]]>
              </value>
            </param>
          </params>
          <reporter-output>
          </reporter-output>
        </test-method> <!-- init -->
        <test-method status="PASS" signature="createContact()[pri:0, instance:org.example.test.RestTestSuit@3f200884]" name="createContact" duration-ms="1675" started-at="2020-06-05T01:36:07 BST" finished-at="2020-06-05T01:36:08 BST">
          <reporter-output>
          </reporter-output>
        </test-method> <!-- createContact -->
        <test-method status="PASS" signature="createInvalidContact()[pri:0, instance:org.example.test.RestTestSuit@3f200884]" name="createInvalidContact" duration-ms="15" started-at="2020-06-05T01:36:08 BST" finished-at="2020-06-05T01:36:09 BST">
          <reporter-output>
          </reporter-output>
        </test-method> <!-- createInvalidContact -->
        <test-method status="PASS" signature="getAllContacts()[pri:0, instance:org.example.test.RestTestSuit@3f200884]" name="getAllContacts" duration-ms="269" started-at="2020-06-05T01:36:09 BST" finished-at="2020-06-05T01:36:09 BST">
          <reporter-output>
          </reporter-output>
        </test-method> <!-- getAllContacts -->
        <test-method status="PASS" signature="getMissingContacts()[pri:0, instance:org.example.test.RestTestSuit@3f200884]" name="getMissingContacts" duration-ms="85" started-at="2020-06-05T01:36:09 BST" finished-at="2020-06-05T01:36:09 BST">
          <reporter-output>
          </reporter-output>
        </test-method> <!-- getMissingContacts -->
      </class> <!-- org.example.test.RestTestSuit -->
    </test> <!-- Parameter Test -->
  </suite> <!-- My First TestNG test -->
</testng-results>
